==================================================
TIMESTAMP: 2026-07-07 20:48:14
TO: สมศักดิ์ รักเรียน <student@lab.edu>
SUBJECT: Reservation Approved
MESSAGE:
Your reservation #1 has been approved. Please check in on time.
==================================================

==================================================
TIMESTAMP: 2026-07-16 09:25:30
TO: สมศักดิ์ รักเรียน <student@lab.edu>
SUBJECT: การจองได้รับการอนุมัติ
MESSAGE:
การจองหมายเลข #2 ของคุณได้รับการอนุมัติแล้ว กรุณาเช็คอินเข้าใช้งานให้ตรงเวลา
==================================================

==================================================
TIMESTAMP: 2026-07-16 09:25:43
TO: สมชาย ใจดี <std@gmail.com>
SUBJECT: การจองได้รับการอนุมัติ
MESSAGE:
การจองหมายเลข #3 ของคุณได้รับการอนุมัติแล้ว กรุณาเช็คอินเข้าใช้งานให้ตรงเวลา
==================================================

